# JRE version: Java(TM) SE Runtime Environment (7.0_80-b15) (build 1.7.0_80-b15)
# Java VM: Java HotSpot(TM) 64-Bit Server VM (24.80-b11 mixed mode windows-amd64 compressed oops)
Heap
 PSYoungGen      total 238592K, used 129034K [0x00000000eaa80000, 0x00000000fb480000, 0x0000000100000000)
  eden space 227328K, 56% used [0x00000000eaa80000,0x00000000f2882920,0x00000000f8880000)
  from space 11264K, 0% used [0x00000000f8880000,0x00000000f8880000,0x00000000f9380000)
  to   space 22528K, 0% used [0x00000000f9e80000,0x00000000f9e80000,0x00000000fb480000)
 ParOldGen       total 150016K, used 30117K [0x00000000c0000000, 0x00000000c9280000, 0x00000000eaa80000)
  object space 150016K, 20% used [0x00000000c0000000,0x00000000c1d695d0,0x00000000c9280000)
 PSPermGen       total 66560K, used 33271K [0x00000000b0000000, 0x00000000b4100000, 0x00000000c0000000)
  object space 66560K, 49% used [0x00000000b0000000,0x00000000b207dfc0,0x00000000b4100000)
GC Heap History (10 events):
Event: 4.319 GC heap before
{Heap before GC invocations=4 (full 0):
 PSYoungGen      total 66048K, used 63692K [0x00000000eaa80000, 0x00000000f2b80000, 0x0000000100000000)
  eden space 56832K, 100% used [0x00000000eaa80000,0x00000000ee200000,0x00000000ee200000)
  from space 9216K, 74% used [0x00000000ee200000,0x00000000ee8b3248,0x00000000eeb00000)
  to   space 9216K, 0% used [0x00000000f2280000,0x00000000f2280000,0x00000000f2b80000)
 ParOldGen       total 150016K, used 2710K [0x00000000c0000000, 0x00000000c9280000, 0x00000000eaa80000)
  object space 150016K, 1% used [0x00000000c0000000,0x00000000c02a5b58,0x00000000c9280000)
 PSPermGen       total 21504K, used 20310K [0x00000000b0000000, 0x00000000b1500000, 0x00000000c0000000)
  object space 21504K, 94% used [0x00000000b0000000,0x00000000b13d5b50,0x00000000b1500000)
Event: 4.326 GC heap after
Heap after GC invocations=4 (full 0):
 PSYoungGen      total 122880K, used 6804K [0x00000000eaa80000, 0x00000000f2b80000, 0x0000000100000000)
  eden space 113664K, 0% used [0x00000000eaa80000,0x00000000eaa80000,0x00000000f1980000)
  from space 9216K, 73% used [0x00000000f2280000,0x00000000f29250f0,0x00000000f2b80000)
  to   space 9216K, 0% used [0x00000000f1980000,0x00000000f1980000,0x00000000f2280000)
 ParOldGen       total 150016K, used 2718K [0x00000000c0000000, 0x00000000c9280000, 0x00000000eaa80000)
  object space 150016K, 1% used [0x00000000c0000000,0x00000000c02a7b58,0x00000000c9280000)
 PSPermGen       total 21504K, used 20310K [0x00000000b0000000, 0x00000000b1500000, 0x00000000c0000000)
  object space 21504K, 94% used [0x00000000b0000000,0x00000000b13d5b50,0x00000000b1500000)
}
Event: 4.742 GC heap before
{Heap before GC invocations=5 (full 0):
 PSYoungGen      total 122880K, used 120468K [0x00000000eaa80000, 0x00000000f2b80000, 0x0000000100000000)
  eden space 113664K, 100% used [0x00000000eaa80000,0x00000000f1980000,0x00000000f1980000)
  from space 9216K, 73% used [0x00000000f2280000,0x00000000f29250f0,0x00000000f2b80000)
  to   space 9216K, 0% used [0x00000000f1980000,0x00000000f1980000,0x00000000f2280000)
 ParOldGen       total 150016K, used 2718K [0x00000000c0000000, 0x00000000c9280000, 0x00000000eaa80000)
  object space 150016K, 1% used [0x00000000c0000000,0x00000000c02a7b58,0x00000000c9280000)
 PSPermGen       total 21504K, used 20337K [0x00000000b0000000, 0x00000000b1500000, 0x00000000c0000000)
  object space 21504K, 94% used [0x00000000b0000000,0x00000000b13dc758,0x00000000b1500000)
Event: 4.751 GC heap after
Heap after GC invocations=5 (full 0):
 PSYoungGen      total 122880K, used 7416K [0x00000000eaa80000, 0x00000000f9f80000, 0x0000000100000000)
  eden space 113664K, 0% used [0x00000000eaa80000,0x00000000eaa80000,0x00000000f1980000)
  from space 9216K, 80% used [0x00000000f1980000,0x00000000f20be280,0x00000000f2280000)
  to   space 11776K, 0% used [0x00000000f9400000,0x00000000f9400000,0x00000000f9f80000)
 ParOldGen       total 150016K, used 2726K [0x00000000c0000000, 0x00000000c9280000, 0x00000000eaa80000)
  object space 150016K, 1% used [0x00000000c0000000,0x00000000c02a9b58,0x00000000c9280000)
 PSPermGen       total 21504K, used 20337K [0x00000000b0000000, 0x00000000b1500000, 0x00000000c0000000)
  object space 21504K, 94% used [0x00000000b0000000,0x00000000b13dc758,0x00000000b1500000)
}
Event: 5.399 GC heap before
{Heap before GC invocations=6 (full 0):
 PSYoungGen      total 122880K, used 121080K [0x00000000eaa80000, 0x00000000f9f80000, 0x0000000100000000)
  eden space 113664K, 100% used [0x00000000eaa80000,0x00000000f1980000,0x00000000f1980000)
  from space 9216K, 80% used [0x00000000f1980000,0x00000000f20be280,0x00000000f2280000)
  to   space 11776K, 0% used [0x00000000f9400000,0x00000000f9400000,0x00000000f9f80000)
 ParOldGen       total 150016K, used 2726K [0x00000000c0000000, 0x00000000c9280000, 0x00000000eaa80000)
  object space 150016K, 1% used [0x00000000c0000000,0x00000000c02a9b58,0x00000000c9280000)
 PSPermGen       total 21504K, used 20361K [0x00000000b0000000, 0x00000000b1500000, 0x00000000c0000000)
  object space 21504K, 94% used [0x00000000b0000000,0x00000000b13e26a0,0x00000000b1500000)
Event: 5.407 GC heap after
Heap after GC invocations=6 (full 0):
 PSYoungGen      total 238080K, used 8052K [0x00000000eaa80000, 0x00000000f9e80000, 0x0000000100000000)
  eden space 227328K, 0% used [0x00000000eaa80000,0x00000000eaa80000,0x00000000f8880000)
  from space 10752K, 74% used [0x00000000f9400000,0x00000000f9bdd270,0x00000000f9e80000)
  to   space 11264K, 0% used [0x00000000f8880000,0x00000000f8880000,0x00000000f9380000)
 ParOldGen       total 150016K, used 2734K [0x00000000c0000000, 0x00000000c9280000, 0x00000000eaa80000)
  object space 150016K, 1% used [0x00000000c0000000,0x00000000c02abb58,0x00000000c9280000)
 PSPermGen       total 21504K, used 20361K [0x00000000b0000000, 0x00000000b1500000, 0x00000000c0000000)
  object space 21504K, 94% used [0x00000000b0000000,0x00000000b13e26a0,0x00000000b1500000)
}
Event: 8.857 GC heap before
{Heap before GC invocations=7 (full 0):
 PSYoungGen      total 238080K, used 214658K [0x00000000eaa80000, 0x00000000f9e80000, 0x0000000100000000)
  eden space 227328K, 90% used [0x00000000eaa80000,0x00000000f7443910,0x00000000f8880000)
  from space 10752K, 74% used [0x00000000f9400000,0x00000000f9bdd270,0x00000000f9e80000)
  to   space 11264K, 0% used [0x00000000f8880000,0x00000000f8880000,0x00000000f9380000)
 ParOldGen       total 150016K, used 2734K [0x00000000c0000000, 0x00000000c9280000, 0x00000000eaa80000)
  object space 150016K, 1% used [0x00000000c0000000,0x00000000c02abb58,0x00000000c9280000)
 PSPermGen       total 33280K, used 33099K [0x00000000b0000000, 0x00000000b2080000, 0x00000000c0000000)
  object space 33280K, 99% used [0x00000000b0000000,0x00000000b2052f90,0x00000000b2080000)
Event: 8.888 GC heap after
Heap after GC invocations=7 (full 0):
 PSYoungGen      total 238592K, used 11264K [0x00000000eaa80000, 0x00000000fb480000, 0x0000000100000000)
  eden space 227328K, 0% used [0x00000000eaa80000,0x00000000eaa80000,0x00000000f8880000)
  from space 11264K, 100% used [0x00000000f8880000,0x00000000f9380000,0x00000000f9380000)
  to   space 22528K, 0% used [0x00000000f9e80000,0x00000000f9e80000,0x00000000fb480000)
 ParOldGen       total 150016K, used 22285K [0x00000000c0000000, 0x00000000c9280000, 0x00000000eaa80000)
  object space 150016K, 14% used [0x00000000c0000000,0x00000000c15c35f8,0x00000000c9280000)
 PSPermGen       total 33280K, used 33099K [0x00000000b0000000, 0x00000000b2080000, 0x00000000c0000000)
  object space 33280K, 99% used [0x00000000b0000000,0x00000000b2052f90,0x00000000b2080000)
}
Event: 8.898 GC heap before
{Heap before GC invocations=8 (full 1):
 PSYoungGen      total 238592K, used 11264K [0x00000000eaa80000, 0x00000000fb480000, 0x0000000100000000)
  eden space 227328K, 0% used [0x00000000eaa80000,0x00000000eaa80000,0x00000000f8880000)
  from space 11264K, 100% used [0x00000000f8880000,0x00000000f9380000,0x00000000f9380000)
  to   space 22528K, 0% used [0x00000000f9e80000,0x00000000f9e80000,0x00000000fb480000)
 ParOldGen       total 150016K, used 22285K [0x00000000c0000000, 0x00000000c9280000, 0x00000000eaa80000)
  object space 150016K, 14% used [0x00000000c0000000,0x00000000c15c35f8,0x00000000c9280000)
 PSPermGen       total 33280K, used 33099K [0x00000000b0000000, 0x00000000b2080000, 0x00000000c0000000)
  object space 33280K, 99% used [0x00000000b0000000,0x00000000b2052f90,0x00000000b2080000)
Event: 9.087 GC heap after
Heap after GC invocations=8 (full 1):
 PSYoungGen      total 238592K, used 0K [0x00000000eaa80000, 0x00000000fb480000, 0x0000000100000000)
  eden space 227328K, 0% used [0x00000000eaa80000,0x00000000eaa80000,0x00000000f8880000)
  from space 11264K, 0% used [0x00000000f8880000,0x00000000f8880000,0x00000000f9380000)
  to   space 22528K, 0% used [0x00000000f9e80000,0x00000000f9e80000,0x00000000fb480000)
 ParOldGen       total 150016K, used 30117K [0x00000000c0000000, 0x00000000c9280000, 0x00000000eaa80000)
  object space 150016K, 20% used [0x00000000c0000000,0x00000000c1d695d0,0x00000000c9280000)
 PSPermGen       total 66560K, used 33046K [0x00000000b0000000, 0x00000000b4100000, 0x00000000c0000000)
  object space 66560K, 49% used [0x00000000b0000000,0x00000000b2045ac0,0x00000000b4100000)
}

