# JRE version: Java(TM) SE Runtime Environment (7.0_80-b15) (build 1.7.0_80-b15)
# Java VM: Java HotSpot(TM) 64-Bit Server VM (24.80-b11 mixed mode windows-amd64 compressed oops)
Heap
 PSYoungGen      total 238592K, used 24181K [0x00000000eaa80000, 0x0000000100000000, 0x0000000100000000)
  eden space 227328K, 5% used [0x00000000eaa80000,0x00000000eb768a00,0x00000000f8880000)
  from space 11264K, 97% used [0x00000000f8880000,0x00000000f9334ba8,0x00000000f9380000)
  to   space 12288K, 0% used [0x00000000ff400000,0x00000000ff400000,0x0000000100000000)
 ParOldGen       total 150016K, used 8381K [0x00000000c0000000, 0x00000000c9280000, 0x00000000eaa80000)
  object space 150016K, 5% used [0x00000000c0000000,0x00000000c082f610,0x00000000c9280000)
 PSPermGen       total 25600K, used 25166K [0x00000000b0000000, 0x00000000b1900000, 0x00000000c0000000)
  object space 25600K, 98% used [0x00000000b0000000,0x00000000b1893a08,0x00000000b1900000)
GC Heap History (10 events):
Event: 2.892 GC heap before
{Heap before GC invocations=3 (full 0):
 PSYoungGen      total 66048K, used 66028K [0x00000000eaa80000, 0x00000000ef400000, 0x0000000100000000)
  eden space 56832K, 100% used [0x00000000eaa80000,0x00000000ee200000,0x00000000ee200000)
  from space 9216K, 99% used [0x00000000eeb00000,0x00000000ef3fb3e8,0x00000000ef400000)
  to   space 9216K, 0% used [0x00000000ee200000,0x00000000ee200000,0x00000000eeb00000)
 ParOldGen       total 150016K, used 2674K [0x00000000c0000000, 0x00000000c9280000, 0x00000000eaa80000)
  object space 150016K, 1% used [0x00000000c0000000,0x00000000c029ca78,0x00000000c9280000)
 PSPermGen       total 21504K, used 20297K [0x00000000b0000000, 0x00000000b1500000, 0x00000000c0000000)
  object space 21504K, 94% used [0x00000000b0000000,0x00000000b13d2720,0x00000000b1500000)
Event: 2.899 GC heap after
Heap after GC invocations=3 (full 0):
 PSYoungGen      total 66048K, used 6864K [0x00000000eaa80000, 0x00000000f2b80000, 0x0000000100000000)
  eden space 56832K, 0% used [0x00000000eaa80000,0x00000000eaa80000,0x00000000ee200000)
  from space 9216K, 74% used [0x00000000ee200000,0x00000000ee8b4330,0x00000000eeb00000)
  to   space 9216K, 0% used [0x00000000f2280000,0x00000000f2280000,0x00000000f2b80000)
 ParOldGen       total 150016K, used 2682K [0x00000000c0000000, 0x00000000c9280000, 0x00000000eaa80000)
  object space 150016K, 1% used [0x00000000c0000000,0x00000000c029ea78,0x00000000c9280000)
 PSPermGen       total 21504K, used 20297K [0x00000000b0000000, 0x00000000b1500000, 0x00000000c0000000)
  object space 21504K, 94% used [0x00000000b0000000,0x00000000b13d2720,0x00000000b1500000)
}
Event: 3.058 GC heap before
{Heap before GC invocations=4 (full 0):
 PSYoungGen      total 66048K, used 63696K [0x00000000eaa80000, 0x00000000f2b80000, 0x0000000100000000)
  eden space 56832K, 100% used [0x00000000eaa80000,0x00000000ee200000,0x00000000ee200000)
  from space 9216K, 74% used [0x00000000ee200000,0x00000000ee8b4330,0x00000000eeb00000)
  to   space 9216K, 0% used [0x00000000f2280000,0x00000000f2280000,0x00000000f2b80000)
 ParOldGen       total 150016K, used 2682K [0x00000000c0000000, 0x00000000c9280000, 0x00000000eaa80000)
  object space 150016K, 1% used [0x00000000c0000000,0x00000000c029ea78,0x00000000c9280000)
 PSPermGen       total 21504K, used 20310K [0x00000000b0000000, 0x00000000b1500000, 0x00000000c0000000)
  object space 21504K, 94% used [0x00000000b0000000,0x00000000b13d5858,0x00000000b1500000)
Event: 3.064 GC heap after
Heap after GC invocations=4 (full 0):
 PSYoungGen      total 122880K, used 6836K [0x00000000eaa80000, 0x00000000f2b80000, 0x0000000100000000)
  eden space 113664K, 0% used [0x00000000eaa80000,0x00000000eaa80000,0x00000000f1980000)
  from space 9216K, 74% used [0x00000000f2280000,0x00000000f292d110,0x00000000f2b80000)
  to   space 9216K, 0% used [0x00000000f1980000,0x00000000f1980000,0x00000000f2280000)
 ParOldGen       total 150016K, used 2682K [0x00000000c0000000, 0x00000000c9280000, 0x00000000eaa80000)
  object space 150016K, 1% used [0x00000000c0000000,0x00000000c029ea78,0x00000000c9280000)
 PSPermGen       total 21504K, used 20310K [0x00000000b0000000, 0x00000000b1500000, 0x00000000c0000000)
  object space 21504K, 94% used [0x00000000b0000000,0x00000000b13d5858,0x00000000b1500000)
}
Event: 3.485 GC heap before
{Heap before GC invocations=5 (full 0):
 PSYoungGen      total 122880K, used 120500K [0x00000000eaa80000, 0x00000000f2b80000, 0x0000000100000000)
  eden space 113664K, 100% used [0x00000000eaa80000,0x00000000f1980000,0x00000000f1980000)
  from space 9216K, 74% used [0x00000000f2280000,0x00000000f292d110,0x00000000f2b80000)
  to   space 9216K, 0% used [0x00000000f1980000,0x00000000f1980000,0x00000000f2280000)
 ParOldGen       total 150016K, used 2682K [0x00000000c0000000, 0x00000000c9280000, 0x00000000eaa80000)
  object space 150016K, 1% used [0x00000000c0000000,0x00000000c029ea78,0x00000000c9280000)
 PSPermGen       total 21504K, used 20337K [0x00000000b0000000, 0x00000000b1500000, 0x00000000c0000000)
  object space 21504K, 94% used [0x00000000b0000000,0x00000000b13dc510,0x00000000b1500000)
Event: 3.493 GC heap after
Heap after GC invocations=5 (full 0):
 PSYoungGen      total 122880K, used 7448K [0x00000000eaa80000, 0x00000000f9f80000, 0x0000000100000000)
  eden space 113664K, 0% used [0x00000000eaa80000,0x00000000eaa80000,0x00000000f1980000)
  from space 9216K, 80% used [0x00000000f1980000,0x00000000f20c6110,0x00000000f2280000)
  to   space 11776K, 0% used [0x00000000f9400000,0x00000000f9400000,0x00000000f9f80000)
 ParOldGen       total 150016K, used 2690K [0x00000000c0000000, 0x00000000c9280000, 0x00000000eaa80000)
  object space 150016K, 1% used [0x00000000c0000000,0x00000000c02a0a78,0x00000000c9280000)
 PSPermGen       total 21504K, used 20337K [0x00000000b0000000, 0x00000000b1500000, 0x00000000c0000000)
  object space 21504K, 94% used [0x00000000b0000000,0x00000000b13dc510,0x00000000b1500000)
}
Event: 3.848 GC heap before
{Heap before GC invocations=6 (full 0):
 PSYoungGen      total 122880K, used 121112K [0x00000000eaa80000, 0x00000000f9f80000, 0x0000000100000000)
  eden space 113664K, 100% used [0x00000000eaa80000,0x00000000f1980000,0x00000000f1980000)
  from space 9216K, 80% used [0x00000000f1980000,0x00000000f20c6110,0x00000000f2280000)
  to   space 11776K, 0% used [0x00000000f9400000,0x00000000f9400000,0x00000000f9f80000)
 ParOldGen       total 150016K, used 2690K [0x00000000c0000000, 0x00000000c9280000, 0x00000000eaa80000)
  object space 150016K, 1% used [0x00000000c0000000,0x00000000c02a0a78,0x00000000c9280000)
 PSPermGen       total 21504K, used 20361K [0x00000000b0000000, 0x00000000b1500000, 0x00000000c0000000)
  object space 21504K, 94% used [0x00000000b0000000,0x00000000b13e2488,0x00000000b1500000)
Event: 3.857 GC heap after
Heap after GC invocations=6 (full 0):
 PSYoungGen      total 238080K, used 8052K [0x00000000eaa80000, 0x00000000f9e80000, 0x0000000100000000)
  eden space 227328K, 0% used [0x00000000eaa80000,0x00000000eaa80000,0x00000000f8880000)
  from space 10752K, 74% used [0x00000000f9400000,0x00000000f9bdd120,0x00000000f9e80000)
  to   space 11264K, 0% used [0x00000000f8880000,0x00000000f8880000,0x00000000f9380000)
 ParOldGen       total 150016K, used 2698K [0x00000000c0000000, 0x00000000c9280000, 0x00000000eaa80000)
  object space 150016K, 1% used [0x00000000c0000000,0x00000000c02a2a78,0x00000000c9280000)
 PSPermGen       total 21504K, used 20361K [0x00000000b0000000, 0x00000000b1500000, 0x00000000c0000000)
  object space 21504K, 94% used [0x00000000b0000000,0x00000000b13e2488,0x00000000b1500000)
}
Event: 5.120 GC heap before
{Heap before GC invocations=7 (full 0):
 PSYoungGen      total 238080K, used 235380K [0x00000000eaa80000, 0x00000000f9e80000, 0x0000000100000000)
  eden space 227328K, 100% used [0x00000000eaa80000,0x00000000f8880000,0x00000000f8880000)
  from space 10752K, 74% used [0x00000000f9400000,0x00000000f9bdd120,0x00000000f9e80000)
  to   space 11264K, 0% used [0x00000000f8880000,0x00000000f8880000,0x00000000f9380000)
 ParOldGen       total 150016K, used 2698K [0x00000000c0000000, 0x00000000c9280000, 0x00000000eaa80000)
  object space 150016K, 1% used [0x00000000c0000000,0x00000000c02a2a78,0x00000000c9280000)
 PSPermGen       total 25088K, used 24925K [0x00000000b0000000, 0x00000000b1880000, 0x00000000c0000000)
  object space 25088K, 99% used [0x00000000b0000000,0x00000000b1857798,0x00000000b1880000)
Event: 5.135 GC heap after
Heap after GC invocations=7 (full 0):
 PSYoungGen      total 238592K, used 10962K [0x00000000eaa80000, 0x0000000100000000, 0x0000000100000000)
  eden space 227328K, 0% used [0x00000000eaa80000,0x00000000eaa80000,0x00000000f8880000)
  from space 11264K, 97% used [0x00000000f8880000,0x00000000f9334ba8,0x00000000f9380000)
  to   space 12288K, 0% used [0x00000000ff400000,0x00000000ff400000,0x0000000100000000)
 ParOldGen       total 150016K, used 8381K [0x00000000c0000000, 0x00000000c9280000, 0x00000000eaa80000)
  object space 150016K, 5% used [0x00000000c0000000,0x00000000c082f610,0x00000000c9280000)
 PSPermGen       total 25088K, used 24925K [0x00000000b0000000, 0x00000000b1880000, 0x00000000c0000000)
  object space 25088K, 99% used [0x00000000b0000000,0x00000000b1857798,0x00000000b1880000)
}

