# JRE version: Java(TM) SE Runtime Environment (7.0_80-b15) (build 1.7.0_80-b15)
# Java VM: Java HotSpot(TM) 64-Bit Server VM (24.80-b11 mixed mode windows-amd64 compressed oops)
Heap
 PSYoungGen      total 65024K, used 55317K [0x00000007b6900000, 0x00000007bba80000, 0x0000000800000000)
  eden space 55808K, 95% used [0x00000007b6900000,0x00000007b9d39688,0x00000007b9f80000)
  from space 9216K, 19% used [0x00000007ba080000,0x00000007ba24c0e0,0x00000007ba980000)
  to   space 13824K, 0% used [0x00000007bad00000,0x00000007bad00000,0x00000007bba80000)
 ParOldGen       total 150016K, used 29754K [0x0000000723c00000, 0x000000072ce80000, 0x00000007b6900000)
  object space 150016K, 19% used [0x0000000723c00000,0x000000072590e800,0x000000072ce80000)
 PSPermGen       total 37376K, used 37003K [0x000000071ea00000, 0x0000000720e80000, 0x0000000723c00000)
  object space 37376K, 99% used [0x000000071ea00000,0x0000000720e22e58,0x0000000720e80000)
GC Heap History (10 events):
Event: 7.711 GC heap before
{Heap before GC invocations=13 (full 0):
 PSYoungGen      total 66048K, used 60442K [0x00000007b6900000, 0x00000007bb280000, 0x0000000800000000)
  eden space 56832K, 100% used [0x00000007b6900000,0x00000007ba080000,0x00000007ba080000)
  from space 9216K, 39% used [0x00000007ba980000,0x00000007bad06b08,0x00000007bb280000)
  to   space 9216K, 0% used [0x00000007ba080000,0x00000007ba080000,0x00000007ba980000)
 ParOldGen       total 150016K, used 21735K [0x0000000723c00000, 0x000000072ce80000, 0x00000007b6900000)
  object space 150016K, 14% used [0x0000000723c00000,0x0000000725139ed8,0x000000072ce80000)
 PSPermGen       total 34304K, used 33990K [0x000000071ea00000, 0x0000000720b80000, 0x0000000723c00000)
  object space 34304K, 99% used [0x000000071ea00000,0x0000000720b31800,0x0000000720b80000)
Event: 7.714 GC heap after
Heap after GC invocations=13 (full 0):
 PSYoungGen      total 66048K, used 1717K [0x00000007b6900000, 0x00000007bb280000, 0x0000000800000000)
  eden space 56832K, 0% used [0x00000007b6900000,0x00000007b6900000,0x00000007ba080000)
  from space 9216K, 18% used [0x00000007ba080000,0x00000007ba22d588,0x00000007ba980000)
  to   space 9216K, 0% used [0x00000007ba980000,0x00000007ba980000,0x00000007bb280000)
 ParOldGen       total 150016K, used 23426K [0x0000000723c00000, 0x000000072ce80000, 0x00000007b6900000)
  object space 150016K, 15% used [0x0000000723c00000,0x00000007252e0800,0x000000072ce80000)
 PSPermGen       total 34304K, used 33990K [0x000000071ea00000, 0x0000000720b80000, 0x0000000723c00000)
  object space 34304K, 99% used [0x000000071ea00000,0x0000000720b31800,0x0000000720b80000)
}
Event: 8.033 GC heap before
{Heap before GC invocations=14 (full 0):
 PSYoungGen      total 66048K, used 58549K [0x00000007b6900000, 0x00000007bb280000, 0x0000000800000000)
  eden space 56832K, 100% used [0x00000007b6900000,0x00000007ba080000,0x00000007ba080000)
  from space 9216K, 18% used [0x00000007ba080000,0x00000007ba22d588,0x00000007ba980000)
  to   space 9216K, 0% used [0x00000007ba980000,0x00000007ba980000,0x00000007bb280000)
 ParOldGen       total 150016K, used 23426K [0x0000000723c00000, 0x000000072ce80000, 0x00000007b6900000)
  object space 150016K, 15% used [0x0000000723c00000,0x00000007252e0800,0x000000072ce80000)
 PSPermGen       total 34816K, used 34414K [0x000000071ea00000, 0x0000000720c00000, 0x0000000723c00000)
  object space 34816K, 98% used [0x000000071ea00000,0x0000000720b9b850,0x0000000720c00000)
Event: 8.036 GC heap after
Heap after GC invocations=14 (full 0):
 PSYoungGen      total 66048K, used 2120K [0x00000007b6900000, 0x00000007bb280000, 0x0000000800000000)
  eden space 56832K, 0% used [0x00000007b6900000,0x00000007b6900000,0x00000007ba080000)
  from space 9216K, 23% used [0x00000007ba980000,0x00000007bab923a8,0x00000007bb280000)
  to   space 9216K, 0% used [0x00000007ba080000,0x00000007ba080000,0x00000007ba980000)
 ParOldGen       total 150016K, used 24690K [0x0000000723c00000, 0x000000072ce80000, 0x00000007b6900000)
  object space 150016K, 16% used [0x0000000723c00000,0x000000072541c800,0x000000072ce80000)
 PSPermGen       total 34816K, used 34414K [0x000000071ea00000, 0x0000000720c00000, 0x0000000723c00000)
  object space 34816K, 98% used [0x000000071ea00000,0x0000000720b9b850,0x0000000720c00000)
}
Event: 8.457 GC heap before
{Heap before GC invocations=15 (full 0):
 PSYoungGen      total 66048K, used 58952K [0x00000007b6900000, 0x00000007bb280000, 0x0000000800000000)
  eden space 56832K, 100% used [0x00000007b6900000,0x00000007ba080000,0x00000007ba080000)
  from space 9216K, 23% used [0x00000007ba980000,0x00000007bab923a8,0x00000007bb280000)
  to   space 9216K, 0% used [0x00000007ba080000,0x00000007ba080000,0x00000007ba980000)
 ParOldGen       total 150016K, used 24690K [0x0000000723c00000, 0x000000072ce80000, 0x00000007b6900000)
  object space 150016K, 16% used [0x0000000723c00000,0x000000072541c800,0x000000072ce80000)
 PSPermGen       total 35840K, used 35349K [0x000000071ea00000, 0x0000000720d00000, 0x0000000723c00000)
  object space 35840K, 98% used [0x000000071ea00000,0x0000000720c855c8,0x0000000720d00000)
Event: 8.462 GC heap after
Heap after GC invocations=15 (full 0):
 PSYoungGen      total 66048K, used 2626K [0x00000007b6900000, 0x00000007bb280000, 0x0000000800000000)
  eden space 56832K, 0% used [0x00000007b6900000,0x00000007b6900000,0x00000007ba080000)
  from space 9216K, 28% used [0x00000007ba080000,0x00000007ba310a00,0x00000007ba980000)
  to   space 9216K, 0% used [0x00000007ba980000,0x00000007ba980000,0x00000007bb280000)
 ParOldGen       total 150016K, used 26434K [0x0000000723c00000, 0x000000072ce80000, 0x00000007b6900000)
  object space 150016K, 17% used [0x0000000723c00000,0x00000007255d0800,0x000000072ce80000)
 PSPermGen       total 35840K, used 35349K [0x000000071ea00000, 0x0000000720d00000, 0x0000000723c00000)
  object space 35840K, 98% used [0x000000071ea00000,0x0000000720c855c8,0x0000000720d00000)
}
Event: 9.013 GC heap before
{Heap before GC invocations=16 (full 0):
 PSYoungGen      total 66048K, used 59458K [0x00000007b6900000, 0x00000007bb280000, 0x0000000800000000)
  eden space 56832K, 100% used [0x00000007b6900000,0x00000007ba080000,0x00000007ba080000)
  from space 9216K, 28% used [0x00000007ba080000,0x00000007ba310a00,0x00000007ba980000)
  to   space 9216K, 0% used [0x00000007ba980000,0x00000007ba980000,0x00000007bb280000)
 ParOldGen       total 150016K, used 26434K [0x0000000723c00000, 0x000000072ce80000, 0x00000007b6900000)
  object space 150016K, 17% used [0x0000000723c00000,0x00000007255d0800,0x000000072ce80000)
 PSPermGen       total 35840K, used 35827K [0x000000071ea00000, 0x0000000720d00000, 0x0000000723c00000)
  object space 35840K, 99% used [0x000000071ea00000,0x0000000720cfcc88,0x0000000720d00000)
Event: 9.016 GC heap after
Heap after GC invocations=16 (full 0):
 PSYoungGen      total 66048K, used 2126K [0x00000007b6900000, 0x00000007bb280000, 0x0000000800000000)
  eden space 56832K, 0% used [0x00000007b6900000,0x00000007b6900000,0x00000007ba080000)
  from space 9216K, 23% used [0x00000007ba980000,0x00000007bab93b58,0x00000007bb280000)
  to   space 9216K, 0% used [0x00000007ba080000,0x00000007ba080000,0x00000007ba980000)
 ParOldGen       total 150016K, used 28082K [0x0000000723c00000, 0x000000072ce80000, 0x00000007b6900000)
  object space 150016K, 18% used [0x0000000723c00000,0x000000072576c800,0x000000072ce80000)
 PSPermGen       total 35840K, used 35827K [0x000000071ea00000, 0x0000000720d00000, 0x0000000723c00000)
  object space 35840K, 99% used [0x000000071ea00000,0x0000000720cfcc88,0x0000000720d00000)
}
Event: 9.369 GC heap before
{Heap before GC invocations=17 (full 0):
 PSYoungGen      total 66048K, used 58958K [0x00000007b6900000, 0x00000007bb280000, 0x0000000800000000)
  eden space 56832K, 100% used [0x00000007b6900000,0x00000007ba080000,0x00000007ba080000)
  from space 9216K, 23% used [0x00000007ba980000,0x00000007bab93b58,0x00000007bb280000)
  to   space 9216K, 0% used [0x00000007ba080000,0x00000007ba080000,0x00000007ba980000)
 ParOldGen       total 150016K, used 28082K [0x0000000723c00000, 0x000000072ce80000, 0x00000007b6900000)
  object space 150016K, 18% used [0x0000000723c00000,0x000000072576c800,0x000000072ce80000)
 PSPermGen       total 36352K, used 36156K [0x000000071ea00000, 0x0000000720d80000, 0x0000000723c00000)
  object space 36352K, 99% used [0x000000071ea00000,0x0000000720d4f3b8,0x0000000720d80000)
Event: 9.372 GC heap after
Heap after GC invocations=17 (full 0):
 PSYoungGen      total 65024K, used 1840K [0x00000007b6900000, 0x00000007bba80000, 0x0000000800000000)
  eden space 55808K, 0% used [0x00000007b6900000,0x00000007b6900000,0x00000007b9f80000)
  from space 9216K, 19% used [0x00000007ba080000,0x00000007ba24c0e0,0x00000007ba980000)
  to   space 13824K, 0% used [0x00000007bad00000,0x00000007bad00000,0x00000007bba80000)
 ParOldGen       total 150016K, used 29754K [0x0000000723c00000, 0x000000072ce80000, 0x00000007b6900000)
  object space 150016K, 19% used [0x0000000723c00000,0x000000072590e800,0x000000072ce80000)
 PSPermGen       total 36352K, used 36156K [0x000000071ea00000, 0x0000000720d80000, 0x0000000723c00000)
  object space 36352K, 99% used [0x000000071ea00000,0x0000000720d4f3b8,0x0000000720d80000)
}

